  ejercicio2.cpp
C:\Users\lucia\source\repos\unidad 4\ejercicio2\ejercicio2.cpp(34,95): warning C4244: 'argumento': conversión de 'T' a 'T'; posible pérdida de datos
C:\Users\lucia\source\repos\unidad 4\ejercicio2\ejercicio2.cpp(34,95): warning C4244:         with
C:\Users\lucia\source\repos\unidad 4\ejercicio2\ejercicio2.cpp(34,95): warning C4244:         [
C:\Users\lucia\source\repos\unidad 4\ejercicio2\ejercicio2.cpp(34,95): warning C4244:             T=int
C:\Users\lucia\source\repos\unidad 4\ejercicio2\ejercicio2.cpp(34,95): warning C4244:         ]
C:\Users\lucia\source\repos\unidad 4\ejercicio2\ejercicio2.cpp(34,95): warning C4244:         and
C:\Users\lucia\source\repos\unidad 4\ejercicio2\ejercicio2.cpp(34,95): warning C4244:         [
C:\Users\lucia\source\repos\unidad 4\ejercicio2\ejercicio2.cpp(34,95): warning C4244:             T=float
C:\Users\lucia\source\repos\unidad 4\ejercicio2\ejercicio2.cpp(34,95): warning C4244:         ]
C:\Users\lucia\source\repos\unidad 4\ejercicio2\ejercicio2.cpp(34,65): warning C4244: 'argumento': conversión de 'T' a 'T'; posible pérdida de datos
C:\Users\lucia\source\repos\unidad 4\ejercicio2\ejercicio2.cpp(34,65): warning C4244:         with
C:\Users\lucia\source\repos\unidad 4\ejercicio2\ejercicio2.cpp(34,65): warning C4244:         [
C:\Users\lucia\source\repos\unidad 4\ejercicio2\ejercicio2.cpp(34,65): warning C4244:             T=int
C:\Users\lucia\source\repos\unidad 4\ejercicio2\ejercicio2.cpp(34,65): warning C4244:         ]
C:\Users\lucia\source\repos\unidad 4\ejercicio2\ejercicio2.cpp(34,65): warning C4244:         and
C:\Users\lucia\source\repos\unidad 4\ejercicio2\ejercicio2.cpp(34,65): warning C4244:         [
C:\Users\lucia\source\repos\unidad 4\ejercicio2\ejercicio2.cpp(34,65): warning C4244:             T=float
C:\Users\lucia\source\repos\unidad 4\ejercicio2\ejercicio2.cpp(34,65): warning C4244:         ]
C:\Users\lucia\source\repos\unidad 4\ejercicio2\ejercicio2.cpp(60,113): warning C4244: 'argumento': conversión de 'int' a 'T'; posible pérdida de datos
C:\Users\lucia\source\repos\unidad 4\ejercicio2\ejercicio2.cpp(60,113): warning C4244:         with
C:\Users\lucia\source\repos\unidad 4\ejercicio2\ejercicio2.cpp(60,113): warning C4244:         [
C:\Users\lucia\source\repos\unidad 4\ejercicio2\ejercicio2.cpp(60,113): warning C4244:             T=float
C:\Users\lucia\source\repos\unidad 4\ejercicio2\ejercicio2.cpp(60,113): warning C4244:         ]
C:\Users\lucia\source\repos\unidad 4\ejercicio2\ejercicio2.cpp(60,79): warning C4244: 'argumento': conversión de 'int' a 'T'; posible pérdida de datos
C:\Users\lucia\source\repos\unidad 4\ejercicio2\ejercicio2.cpp(60,79): warning C4244:         with
C:\Users\lucia\source\repos\unidad 4\ejercicio2\ejercicio2.cpp(60,79): warning C4244:         [
C:\Users\lucia\source\repos\unidad 4\ejercicio2\ejercicio2.cpp(60,79): warning C4244:             T=float
C:\Users\lucia\source\repos\unidad 4\ejercicio2\ejercicio2.cpp(60,79): warning C4244:         ]
  ejercicio2.vcxproj -> C:\Users\lucia\source\repos\unidad 4\x64\Debug\ejercicio2.exe
